If betreten
If betreten
If betreten
Else betreten
Value of GET:Trauco
Else betreten
Value of GET:all
Else betreten
Value of GET:Trauco
Else betreten
Value of GET:
Else betreten
Else betreten
Else betreten
Else betreten
Else betreten
If betreten
Else betreten
If betreten
If betreten
Else betreten
If betreten
If betreten
If betreten
Else betreten
If betreten
If betreten
Else betreten
Firstname:Arne%Lastname:Otten% Birthday:1993-10-29% Company:Trauco Department:EDV
Firstname:Arne%Lastname:% Birthday:% Company:Firma wählen... Department:Abteilung wählen...
Firstname:Arne%Lastname:% Birthday:% Company:% Department:%
Firstname:Arne%Lastname:Otten% Birthday:% Company:Trauco Department:EDV
Firstname:Arne%Lastname:Otten% Birthday:1993-10-29% Company:Trauco Department:EDV
Firstname:Arne%Lastname:Otten% Birthday:% Company:% Department:%
Firstname:%Lastname:% Birthday:% Company:% Department:%
Firstname:%Lastname:% Birthday:% Company:% Department:%
Firstname:Arne%Lastname:% Birthday:% Company:% Department:%
Firstname:%Lastname:Otten% Birthday:% Company:% Department:%
Firstname:%Lastname:% Birthday:% Company:% Department:%
Firstname:%Lastname:% Birthday:1993-10-29% Company:% Department:%
